生成启动时间为 2016/1/5 14:19:36。
     1>项目“C:\Users\24425\Documents\GitHub\lv\20131105826lhd\20131105826lhd.vcxproj”在节点 2 上(build 个目标)。
     1>InitializeBuildStatus:
         正在创建“x64\Debug\20131105826lhd.unsuccessfulbuild”，因为已指定“AlwaysCreate”。
       ClCompile:
         所有输出均为最新。
         所有输出均为最新。
       ManifestResourceCompile:
         所有输出均为最新。
       Link:
         所有输出均为最新。
         20131105826lhd.vcxproj -> C:\Users\24425\Documents\GitHub\lv\x64\Debug\20131105826lhd.exe
       Manifest:
         所有输出均为最新。
       FinalizeBuildStatus:
         正在删除文件“x64\Debug\20131105826lhd.unsuccessfulbuild”。
         正在对“x64\Debug\20131105826lhd.lastbuildstate”执行 Touch 任务。
     1>已完成生成项目“C:\Users\24425\Documents\GitHub\lv\20131105826lhd\20131105826lhd.vcxproj”(build 个目标)的操作。

生成成功。

已用时间 00:00:00.08
